<?xml version="1.0" encoding="UTF-8"?>
<!-- Generated by org.testng.reporters.JUnitXMLReporter -->
<testsuite hostname="PC2017000016" ignored="0" name="Depo-PledgeInitiation-Redeem-invoke" tests="2" failures="0" timestamp="31 Jul 2018 10:53:07 GMT" time="143.438" errors="0">
  <testcase name="Pledgee_creation1" time="57.815" classname="withdrawal_pkg.PledgeeRedemption_main"/>
  <testcase name="Pledgee_Invoke" time="66.975" classname="withdrawal_pkg.Pledgeeinvoke_apprval"/>
</testsuite> <!-- Depo-PledgeInitiation-Redeem-invoke -->
