<?xml version="1.0" encoding="UTF-8"?>
<testng-results skipped="0" failed="2" ignored="0" total="8" passed="6">
  <reporter-output>
  </reporter-output>
  <suite name="Default suite" duration-ms="1707733" started-at="2019-07-16T09:44:49Z" finished-at="2019-07-16T10:13:16Z">
    <groups>
    </groups>
    <test name="Default test" duration-ms="1707733" started-at="2019-07-16T09:44:49Z" finished-at="2019-07-16T10:13:16Z">
      <class name="NERL.EWR_Deposit_EXchange">
        <test-method status="PASS" signature="beforeMethod()[pri:0, instance:NERL.EWR_Deposit_EXchange@343f4d3d]" name="beforeMethod" is-config="true" duration-ms="24404" started-at="2019-07-16T15:14:50Z" finished-at="2019-07-16T15:15:14Z">
          <reporter-output>
          </reporter-output>
        </test-method> <!-- beforeMethod -->
        <test-method status="PASS" signature="EWR_creation_Approval(java.lang.String, java.lang.String, java.lang.String, java.lang.String, java.lang.String, java.lang.String, java.lang.String, java.lang.String, java.lang.String, java.lang.String, java.lang.String, java.lang.String, java.lang.String, java.lang.String, java.lang.String, java.lang.String, java.lang.String, java.lang.String, java.lang.String, java.lang.String, java.lang.String, java.lang.String, java.lang.String, java.lang.String, java.lang.String, java.lang.String, java.lang.String, java.lang.String, java.lang.String, java.lang.String, java.lang.String, java.lang.String, java.lang.String, java.lang.String, java.lang.String, java.lang.String, java.lang.String, java.lang.String, java.lang.String, java.lang.String, java.lang.String, java.lang.String, java.lang.String, java.lang.String, java.lang.String, java.lang.String, java.lang.String, java.lang.String, java.lang.String, java.lang.String, java.lang.String, java.lang.String, java.lang.String, java.lang.String, java.lang.String, java.lang.String, java.lang.String, java.lang.String, java.lang.String, java.lang.String, java.lang.String, java.lang.String, java.lang.String, java.lang.String, int)[pri:1, instance:NERL.EWR_Deposit_EXchange@343f4d3d]" name="EWR_creation_Approval" duration-ms="230279" started-at="2019-07-16T15:15:14Z" description="To verify Creation Of ENWR With Valid details" data-provider="wordpressdata" finished-at="2019-07-16T15:19:04Z">
          <params>
            <param index="0">
              <value>
                <![CDATA[1012467]]>
              </value>
            </param>
            <param index="1">
              <value>
                <![CDATA[TURMERIC-MT]]>
              </value>
            </param>
            <param index="2">
              <value>
                <![CDATA[50 KG]]>
              </value>
            </param>
            <param index="3">
              <value>
                <![CDATA[2BNF00000000776]]>
              </value>
            </param>
            <param index="4">
              <value>
                <![CDATA[600]]>
              </value>
            </param>
            <param index="5">
              <value>
                <![CDATA[Gaurav]]>
              </value>
            </param>
            <param index="6">
              <value>
                <![CDATA[30]]>
              </value>
            </param>
            <param index="7">
              <value>
                <![CDATA[30]]>
              </value>
            </param>
            <param index="8">
              <value>
                <![CDATA[21]]>
              </value>
            </param>
            <param index="9">
              <value>
                <![CDATA[500]]>
              </value>
            </param>
            <param index="10">
              <value>
                <![CDATA[Dry storage deposit]]>
              </value>
            </param>
            <param index="11">
              <value>
                <![CDATA[45454/4444/674]]>
              </value>
            </param>
            <param index="12">
              <value>
                <![CDATA[500]]>
              </value>
            </param>
            <param index="13">
              <value>
                <![CDATA[200]]>
              </value>
            </param>
            <param index="14">
              <value>
                <![CDATA[250]]>
              </value>
            </param>
            <param index="15">
              <value>
                <![CDATA[650]]>
              </value>
            </param>
            <param index="16">
              <value>
                <![CDATA[200]]>
              </value>
            </param>
            <param index="17">
              <value>
                <![CDATA[Kanjurmarg akruti center]]>
              </value>
            </param>
            <param index="18">
              <value>
                <![CDATA[100]]>
              </value>
            </param>
            <param index="19">
              <value>
                <![CDATA[100]]>
              </value>
            </param>
            <param index="20">
              <value>
                <![CDATA[2000]]>
              </value>
            </param>
            <param index="21">
              <value>
                <![CDATA[Sample1]]>
              </value>
            </param>
            <param index="22">
              <value>
                <![CDATA[AM0000000084]]>
              </value>
            </param>
            <param index="23">
              <value>
                <![CDATA[SPECIAL]]>
              </value>
            </param>
            <param index="24">
              <value>
                <![CDATA[3]]>
              </value>
            </param>
            <param index="25">
              <value>
                <![CDATA[3]]>
              </value>
            </param>
            <param index="26">
              <value>
                <![CDATA[0]]>
              </value>
            </param>
            <param index="27">
              <value>
                <![CDATA[0]]>
              </value>
            </param>
            <param index="28">
              <value>
                <![CDATA[NCMLLABMKR]]>
              </value>
            </param>
            <param index="29">
              <value>
                <![CDATA[Dell@1234]]>
              </value>
            </param>
            <param index="30">
              <value>
                <![CDATA[SOURABH]]>
              </value>
            </param>
            <param index="31">
              <value>
                <![CDATA[Dell@1234]]>
              </value>
            </param>
            <param index="32">
              <value>
                <![CDATA[NCMLLABMKR1]]>
              </value>
            </param>
            <param index="33">
              <value>
                <![CDATA[Dell@1234]]>
              </value>
            </param>
            <param index="34">
              <value>
                <![CDATA[NCMLLABCKR]]>
              </value>
            </param>
            <param index="35">
              <value>
                <![CDATA[Dell@1234]]>
              </value>
            </param>
            <param index="36">
              <value>
                <![CDATA[0]]>
              </value>
            </param>
            <param index="37">
              <value>
                <![CDATA[11]]>
              </value>
            </param>
            <param index="38">
              <value>
                <![CDATA[0]]>
              </value>
            </param>
            <param index="39">
              <value>
                <![CDATA[1]]>
              </value>
            </param>
            <param index="40">
              <value>
                <![CDATA[5]]>
              </value>
            </param>
            <param index="41">
              <value>
                <![CDATA[2]]>
              </value>
            </param>
            <param index="42">
              <value>
                <![CDATA[1]]>
              </value>
            </param>
            <param index="43">
              <value>
                <![CDATA[1]]>
              </value>
            </param>
            <param index="44">
              <value>
                <![CDATA[1]]>
              </value>
            </param>
            <param index="45">
              <value>
                <![CDATA[1]]>
              </value>
            </param>
            <param index="46">
              <value>
                <![CDATA[1]]>
              </value>
            </param>
            <param index="47">
              <value>
                <![CDATA[7]]>
              </value>
            </param>
            <param index="48">
              <value>
                <![CDATA[NCDEX]]>
              </value>
            </param>
            <param index="49">
              <value>
                <![CDATA[WRS0000000004]]>
              </value>
            </param>
            <param index="50">
              <value>
                <![CDATA[NCMLLABCOMGRADE]]>
              </value>
            </param>
            <param index="51">
              <value>
                <![CDATA[ASDCV1234G]]>
              </value>
            </param>
            <param index="52">
              <value>
                <![CDATA[TMCBASSLM]]>
              </value>
            </param>
            <param index="53">
              <value>
                <![CDATA[0]]>
              </value>
            </param>
            <param index="54">
              <value>
                <![CDATA[0]]>
              </value>
            </param>
            <param index="55">
              <value>
                <![CDATA[0]]>
              </value>
            </param>
            <param index="56">
              <value>
                <![CDATA[0]]>
              </value>
            </param>
            <param index="57">
              <value>
                <![CDATA[85]]>
              </value>
            </param>
            <param index="58">
              <value>
                <![CDATA[0]]>
              </value>
            </param>
            <param index="59">
              <value>
                <![CDATA[0]]>
              </value>
            </param>
            <param index="60">
              <value>
                <![CDATA[0]]>
              </value>
            </param>
            <param index="61">
              <value>
                <![CDATA[0]]>
              </value>
            </param>
            <param index="62">
              <value>
                <![CDATA[0]]>
              </value>
            </param>
            <param index="63">
              <value>
                <![CDATA[8]]>
              </value>
            </param>
            <param index="64">
              <value>
                <![CDATA[1]]>
              </value>
            </param>
          </params>
          <reporter-output>
          </reporter-output>
        </test-method> <!-- EWR_creation_Approval -->
        <test-method status="PASS" signature="beforeMethod()[pri:0, instance:NERL.EWR_Deposit_EXchange@343f4d3d]" name="beforeMethod" is-config="true" duration-ms="16143" started-at="2019-07-16T15:19:04Z" finished-at="2019-07-16T15:19:20Z">
          <reporter-output>
          </reporter-output>
        </test-method> <!-- beforeMethod -->
        <test-method status="FAIL" signature="EWR_creation_Approval(java.lang.String, java.lang.String, java.lang.String, java.lang.String, java.lang.String, java.lang.String, java.lang.String, java.lang.String, java.lang.String, java.lang.String, java.lang.String, java.lang.String, java.lang.String, java.lang.String, java.lang.String, java.lang.String, java.lang.String, java.lang.String, java.lang.String, java.lang.String, java.lang.String, java.lang.String, java.lang.String, java.lang.String, java.lang.String, java.lang.String, java.lang.String, java.lang.String, java.lang.String, java.lang.String, java.lang.String, java.lang.String, java.lang.String, java.lang.String, java.lang.String, java.lang.String, java.lang.String, java.lang.String, java.lang.String, java.lang.String, java.lang.String, java.lang.String, java.lang.String, java.lang.String, java.lang.String, java.lang.String, java.lang.String, java.lang.String, java.lang.String, java.lang.String, java.lang.String, java.lang.String, java.lang.String, java.lang.String, java.lang.String, java.lang.String, java.lang.String, java.lang.String, java.lang.String, java.lang.String, java.lang.String, java.lang.String, java.lang.String, java.lang.String, int)[pri:1, instance:NERL.EWR_Deposit_EXchange@343f4d3d]" name="EWR_creation_Approval" duration-ms="218427" started-at="2019-07-16T15:19:20Z" description="To verify Creation Of ENWR With Valid details" data-provider="wordpressdata" finished-at="2019-07-16T15:22:59Z">
          <params>
            <param index="0">
              <value>
                <![CDATA[1012467]]>
              </value>
            </param>
            <param index="1">
              <value>
                <![CDATA[TURMERIC-MT]]>
              </value>
            </param>
            <param index="2">
              <value>
                <![CDATA[50 KG]]>
              </value>
            </param>
            <param index="3">
              <value>
                <![CDATA[2BNF00000000776]]>
              </value>
            </param>
            <param index="4">
              <value>
                <![CDATA[600]]>
              </value>
            </param>
            <param index="5">
              <value>
                <![CDATA[Gaurav]]>
              </value>
            </param>
            <param index="6">
              <value>
                <![CDATA[30]]>
              </value>
            </param>
            <param index="7">
              <value>
                <![CDATA[30]]>
              </value>
            </param>
            <param index="8">
              <value>
                <![CDATA[21]]>
              </value>
            </param>
            <param index="9">
              <value>
                <![CDATA[500]]>
              </value>
            </param>
            <param index="10">
              <value>
                <![CDATA[Dry storage deposit]]>
              </value>
            </param>
            <param index="11">
              <value>
                <![CDATA[45454/4444/675]]>
              </value>
            </param>
            <param index="12">
              <value>
                <![CDATA[500]]>
              </value>
            </param>
            <param index="13">
              <value>
                <![CDATA[200]]>
              </value>
            </param>
            <param index="14">
              <value>
                <![CDATA[250]]>
              </value>
            </param>
            <param index="15">
              <value>
                <![CDATA[650]]>
              </value>
            </param>
            <param index="16">
              <value>
                <![CDATA[200]]>
              </value>
            </param>
            <param index="17">
              <value>
                <![CDATA[Kanjurmarg akruti center]]>
              </value>
            </param>
            <param index="18">
              <value>
                <![CDATA[100]]>
              </value>
            </param>
            <param index="19">
              <value>
                <![CDATA[100]]>
              </value>
            </param>
            <param index="20">
              <value>
                <![CDATA[2000]]>
              </value>
            </param>
            <param index="21">
              <value>
                <![CDATA[Sample1]]>
              </value>
            </param>
            <param index="22">
              <value>
                <![CDATA[AM0000000084]]>
              </value>
            </param>
            <param index="23">
              <value>
                <![CDATA[SPECIAL]]>
              </value>
            </param>
            <param index="24">
              <value>
                <![CDATA[3]]>
              </value>
            </param>
            <param index="25">
              <value>
                <![CDATA[3]]>
              </value>
            </param>
            <param index="26">
              <value>
                <![CDATA[0]]>
              </value>
            </param>
            <param index="27">
              <value>
                <![CDATA[0]]>
              </value>
            </param>
            <param index="28">
              <value>
                <![CDATA[NCMLLABMKR]]>
              </value>
            </param>
            <param index="29">
              <value>
                <![CDATA[Dell@1234]]>
              </value>
            </param>
            <param index="30">
              <value>
                <![CDATA[SOURABH]]>
              </value>
            </param>
            <param index="31">
              <value>
                <![CDATA[Dell@1234]]>
              </value>
            </param>
            <param index="32">
              <value>
                <![CDATA[NCMLLABMKR1]]>
              </value>
            </param>
            <param index="33">
              <value>
                <![CDATA[Dell@1234]]>
              </value>
            </param>
            <param index="34">
              <value>
                <![CDATA[NCMLLABCKR]]>
              </value>
            </param>
            <param index="35">
              <value>
                <![CDATA[Dell@1234]]>
              </value>
            </param>
            <param index="36">
              <value>
                <![CDATA[0]]>
              </value>
            </param>
            <param index="37">
              <value>
                <![CDATA[11]]>
              </value>
            </param>
            <param index="38">
              <value>
                <![CDATA[0]]>
              </value>
            </param>
            <param index="39">
              <value>
                <![CDATA[1]]>
              </value>
            </param>
            <param index="40">
              <value>
                <![CDATA[5]]>
              </value>
            </param>
            <param index="41">
              <value>
                <![CDATA[2]]>
              </value>
            </param>
            <param index="42">
              <value>
                <![CDATA[1]]>
              </value>
            </param>
            <param index="43">
              <value>
                <![CDATA[1]]>
              </value>
            </param>
            <param index="44">
              <value>
                <![CDATA[1]]>
              </value>
            </param>
            <param index="45">
              <value>
                <![CDATA[1]]>
              </value>
            </param>
            <param index="46">
              <value>
                <![CDATA[1]]>
              </value>
            </param>
            <param index="47">
              <value>
                <![CDATA[7]]>
              </value>
            </param>
            <param index="48">
              <value>
                <![CDATA[NCDEX]]>
              </value>
            </param>
            <param index="49">
              <value>
                <![CDATA[WRS0000000004]]>
              </value>
            </param>
            <param index="50">
              <value>
                <![CDATA[NCMLLABCOMGRADE]]>
              </value>
            </param>
            <param index="51">
              <value>
                <![CDATA[ASDCV1234G]]>
              </value>
            </param>
            <param index="52">
              <value>
                <![CDATA[TMCBASSLM]]>
              </value>
            </param>
            <param index="53">
              <value>
                <![CDATA[0]]>
              </value>
            </param>
            <param index="54">
              <value>
                <![CDATA[0]]>
              </value>
            </param>
            <param index="55">
              <value>
                <![CDATA[0]]>
              </value>
            </param>
            <param index="56">
              <value>
                <![CDATA[0]]>
              </value>
            </param>
            <param index="57">
              <value>
                <![CDATA[85]]>
              </value>
            </param>
            <param index="58">
              <value>
                <![CDATA[0]]>
              </value>
            </param>
            <param index="59">
              <value>
                <![CDATA[0]]>
              </value>
            </param>
            <param index="60">
              <value>
                <![CDATA[0]]>
              </value>
            </param>
            <param index="61">
              <value>
                <![CDATA[0]]>
              </value>
            </param>
            <param index="62">
              <value>
                <![CDATA[0]]>
              </value>
            </param>
            <param index="63">
              <value>
                <![CDATA[8]]>
              </value>
            </param>
            <param index="64">
              <value>
                <![CDATA[2]]>
              </value>
            </param>
          </params>
          <exception class="org.openqa.selenium.NoSuchElementException">
            <message>
              <![CDATA[no such element: Unable to locate element: {"method":"xpath","selector":".//*[@id='l-login']/form/div[2]/div/div[2]/div/input"}
  (Session info: chrome=75.0.3770.100)
  (Driver info: chromedriver=2.35.528161 (5b82f2d2aae0ca24b877009200ced9065a772e73),platform=Windows NT 10.0.14393 x86_64) (WARNING: The server did not provide any stacktrace information)
Command duration or timeout: 20.03 seconds
For documentation on this error, please visit: http://seleniumhq.org/exceptions/no_such_element.html
Build info: version: 'unknown', revision: 'unknown', time: 'unknown'
System info: host: 'PC2017000016', ip: '172.29.22.45', os.name: 'Windows 10', os.arch: 'amd64', os.version: '10.0', java.version: '1.8.0_131'
Driver info: org.openqa.selenium.chrome.ChromeDriver
Capabilities [{applicationCacheEnabled=false, rotatable=false, mobileEmulationEnabled=false, networkConnectionEnabled=false, chrome={chromedriverVersion=2.35.528161 (5b82f2d2aae0ca24b877009200ced9065a772e73), userDataDir=C:\Users\gauravn\AppData\Local\Temp\scoped_dir10008_25380}, takesHeapSnapshot=true, pageLoadStrategy=normal, databaseEnabled=false, handlesAlerts=true, hasTouchScreen=false, version=75.0.3770.100, platform=XP, browserConnectionEnabled=false, nativeEvents=true, acceptSslCerts=false, acceptInsecureCerts=false, locationContextEnabled=true, webStorageEnabled=true, browserName=chrome, takesScreenshot=true, javascriptEnabled=true, cssSelectorsEnabled=true, setWindowRect=true, unexpectedAlertBehaviour=}]
Session ID: 42b4a7f02025fe5c5cbd5d2e1e767028
*** Element info: {Using=xpath, value=.//*[@id='l-login']/form/div[2]/div/div[2]/div/input}]]>
            </message>
            <full-stacktrace>
              <![CDATA[org.openqa.selenium.NoSuchElementException: no such element: Unable to locate element: {"method":"xpath","selector":".//*[@id='l-login']/form/div[2]/div/div[2]/div/input"}
  (Session info: chrome=75.0.3770.100)
  (Driver info: chromedriver=2.35.528161 (5b82f2d2aae0ca24b877009200ced9065a772e73),platform=Windows NT 10.0.14393 x86_64) (WARNING: The server did not provide any stacktrace information)
Command duration or timeout: 20.03 seconds
For documentation on this error, please visit: http://seleniumhq.org/exceptions/no_such_element.html
Build info: version: 'unknown', revision: 'unknown', time: 'unknown'
System info: host: 'PC2017000016', ip: '172.29.22.45', os.name: 'Windows 10', os.arch: 'amd64', os.version: '10.0', java.version: '1.8.0_131'
Driver info: org.openqa.selenium.chrome.ChromeDriver
Capabilities [{applicationCacheEnabled=false, rotatable=false, mobileEmulationEnabled=false, networkConnectionEnabled=false, chrome={chromedriverVersion=2.35.528161 (5b82f2d2aae0ca24b877009200ced9065a772e73), userDataDir=C:\Users\gauravn\AppData\Local\Temp\scoped_dir10008_25380}, takesHeapSnapshot=true, pageLoadStrategy=normal, databaseEnabled=false, handlesAlerts=true, hasTouchScreen=false, version=75.0.3770.100, platform=XP, browserConnectionEnabled=false, nativeEvents=true, acceptSslCerts=false, acceptInsecureCerts=false, locationContextEnabled=true, webStorageEnabled=true, browserName=chrome, takesScreenshot=true, javascriptEnabled=true, cssSelectorsEnabled=true, setWindowRect=true, unexpectedAlertBehaviour=}]
Session ID: 42b4a7f02025fe5c5cbd5d2e1e767028
*** Element info: {Using=xpath, value=.//*[@id='l-login']/form/div[2]/div/div[2]/div/input}
	at sun.reflect.NativeConstructorAccessorImpl.newInstance0(Native Method)
	at sun.reflect.NativeConstructorAccessorImpl.newInstance(Unknown Source)
	at sun.reflect.DelegatingConstructorAccessorImpl.newInstance(Unknown Source)
	at java.lang.reflect.Constructor.newInstance(Unknown Source)
	at org.openqa.selenium.remote.ErrorHandler.createThrowable(ErrorHandler.java:215)
	at org.openqa.selenium.remote.ErrorHandler.throwIfResponseFailed(ErrorHandler.java:167)
	at org.openqa.selenium.remote.RemoteWebDriver.execute(RemoteWebDriver.java:671)
	at org.openqa.selenium.remote.RemoteWebDriver.findElement(RemoteWebDriver.java:410)
	at org.openqa.selenium.remote.RemoteWebDriver.findElementByXPath(RemoteWebDriver.java:509)
	at org.openqa.selenium.By$ByXPath.findElement(By.java:361)
	at org.openqa.selenium.remote.RemoteWebDriver.findElement(RemoteWebDriver.java:402)
	at library.Utility.Login(Utility.java:173)
	at NERL.EWR_Deposit_EXchange.EWR_creation_Approval(EWR_Deposit_EXchange.java:156)
	at sun.reflect.NativeMethodAccessorImpl.invoke0(Native Method)
	at sun.reflect.NativeMethodAccessorImpl.invoke(Unknown Source)
	at sun.reflect.DelegatingMethodAccessorImpl.invoke(Unknown Source)
	at java.lang.reflect.Method.invoke(Unknown Source)
	at org.testng.internal.MethodInvocationHelper.invokeMethod(MethodInvocationHelper.java:108)
	at org.testng.internal.Invoker.invokeMethod(Invoker.java:669)
	at org.testng.internal.Invoker.invokeTestMethod(Invoker.java:877)
	at org.testng.internal.Invoker.invokeTestMethods(Invoker.java:1201)
	at org.testng.internal.TestMethodWorker.invokeTestMethods(TestMethodWorker.java:125)
	at org.testng.internal.TestMethodWorker.run(TestMethodWorker.java:109)
	at org.testng.TestRunner.privateRun(TestRunner.java:776)
	at org.testng.TestRunner.run(TestRunner.java:634)
	at org.testng.SuiteRunner.runTest(SuiteRunner.java:425)
	at org.testng.SuiteRunner.runSequentially(SuiteRunner.java:420)
	at org.testng.SuiteRunner.privateRun(SuiteRunner.java:385)
	at org.testng.SuiteRunner.run(SuiteRunner.java:334)
	at org.testng.SuiteRunnerWorker.runSuite(SuiteRunnerWorker.java:52)
	at org.testng.SuiteRunnerWorker.run(SuiteRunnerWorker.java:86)
	at org.testng.TestNG.runSuitesSequentially(TestNG.java:1318)
	at org.testng.TestNG.runSuitesLocally(TestNG.java:1243)
	at org.testng.TestNG.runSuites(TestNG.java:1161)
	at org.testng.TestNG.run(TestNG.java:1129)
	at org.testng.remote.AbstractRemoteTestNG.run(AbstractRemoteTestNG.java:114)
	at org.testng.remote.RemoteTestNG.initAndRun(RemoteTestNG.java:251)
	at org.testng.remote.RemoteTestNG.main(RemoteTestNG.java:77)
]]>
            </full-stacktrace>
          </exception> <!-- org.openqa.selenium.NoSuchElementException -->
          <reporter-output>
          </reporter-output>
        </test-method> <!-- EWR_creation_Approval -->
        <test-method status="PASS" signature="beforeMethod()[pri:0, instance:NERL.EWR_Deposit_EXchange@343f4d3d]" name="beforeMethod" is-config="true" duration-ms="13585" started-at="2019-07-16T15:22:59Z" finished-at="2019-07-16T15:23:12Z">
          <reporter-output>
          </reporter-output>
        </test-method> <!-- beforeMethod -->
        <test-method status="PASS" signature="EWR_creation_Approval(java.lang.String, java.lang.String, java.lang.String, java.lang.String, java.lang.String, java.lang.String, java.lang.String, java.lang.String, java.lang.String, java.lang.String, java.lang.String, java.lang.String, java.lang.String, java.lang.String, java.lang.String, java.lang.String, java.lang.String, java.lang.String, java.lang.String, java.lang.String, java.lang.String, java.lang.String, java.lang.String, java.lang.String, java.lang.String, java.lang.String, java.lang.String, java.lang.String, java.lang.String, java.lang.String, java.lang.String, java.lang.String, java.lang.String, java.lang.String, java.lang.String, java.lang.String, java.lang.String, java.lang.String, java.lang.String, java.lang.String, java.lang.String, java.lang.String, java.lang.String, java.lang.String, java.lang.String, java.lang.String, java.lang.String, java.lang.String, java.lang.String, java.lang.String, java.lang.String, java.lang.String, java.lang.String, java.lang.String, java.lang.String, java.lang.String, java.lang.String, java.lang.String, java.lang.String, java.lang.String, java.lang.String, java.lang.String, java.lang.String, java.lang.String, int)[pri:1, instance:NERL.EWR_Deposit_EXchange@343f4d3d]" name="EWR_creation_Approval" duration-ms="224295" started-at="2019-07-16T15:23:12Z" description="To verify Creation Of ENWR With Valid details" data-provider="wordpressdata" finished-at="2019-07-16T15:26:57Z">
          <params>
            <param index="0">
              <value>
                <![CDATA[1012467]]>
              </value>
            </param>
            <param index="1">
              <value>
                <![CDATA[TURMERIC-MT]]>
              </value>
            </param>
            <param index="2">
              <value>
                <![CDATA[50 KG]]>
              </value>
            </param>
            <param index="3">
              <value>
                <![CDATA[2BNF00000000776]]>
              </value>
            </param>
            <param index="4">
              <value>
                <![CDATA[600]]>
              </value>
            </param>
            <param index="5">
              <value>
                <![CDATA[Gaurav]]>
              </value>
            </param>
            <param index="6">
              <value>
                <![CDATA[30]]>
              </value>
            </param>
            <param index="7">
              <value>
                <![CDATA[30]]>
              </value>
            </param>
            <param index="8">
              <value>
                <![CDATA[21]]>
              </value>
            </param>
            <param index="9">
              <value>
                <![CDATA[500]]>
              </value>
            </param>
            <param index="10">
              <value>
                <![CDATA[Dry storage deposit]]>
              </value>
            </param>
            <param index="11">
              <value>
                <![CDATA[45454/4444/676]]>
              </value>
            </param>
            <param index="12">
              <value>
                <![CDATA[500]]>
              </value>
            </param>
            <param index="13">
              <value>
                <![CDATA[200]]>
              </value>
            </param>
            <param index="14">
              <value>
                <![CDATA[250]]>
              </value>
            </param>
            <param index="15">
              <value>
                <![CDATA[650]]>
              </value>
            </param>
            <param index="16">
              <value>
                <![CDATA[200]]>
              </value>
            </param>
            <param index="17">
              <value>
                <![CDATA[Kanjurmarg akruti center]]>
              </value>
            </param>
            <param index="18">
              <value>
                <![CDATA[100]]>
              </value>
            </param>
            <param index="19">
              <value>
                <![CDATA[100]]>
              </value>
            </param>
            <param index="20">
              <value>
                <![CDATA[2000]]>
              </value>
            </param>
            <param index="21">
              <value>
                <![CDATA[Sample1]]>
              </value>
            </param>
            <param index="22">
              <value>
                <![CDATA[AM0000000084]]>
              </value>
            </param>
            <param index="23">
              <value>
                <![CDATA[SPECIAL]]>
              </value>
            </param>
            <param index="24">
              <value>
                <![CDATA[3]]>
              </value>
            </param>
            <param index="25">
              <value>
                <![CDATA[3]]>
              </value>
            </param>
            <param index="26">
              <value>
                <![CDATA[0]]>
              </value>
            </param>
            <param index="27">
              <value>
                <![CDATA[0]]>
              </value>
            </param>
            <param index="28">
              <value>
                <![CDATA[NCMLLABMKR]]>
              </value>
            </param>
            <param index="29">
              <value>
                <![CDATA[Dell@1234]]>
              </value>
            </param>
            <param index="30">
              <value>
                <![CDATA[SOURABH]]>
              </value>
            </param>
            <param index="31">
              <value>
                <![CDATA[Dell@1234]]>
              </value>
            </param>
            <param index="32">
              <value>
                <![CDATA[NCMLLABMKR1]]>
              </value>
            </param>
            <param index="33">
              <value>
                <![CDATA[Dell@1234]]>
              </value>
            </param>
            <param index="34">
              <value>
                <![CDATA[NCMLLABCKR]]>
              </value>
            </param>
            <param index="35">
              <value>
                <![CDATA[Dell@1234]]>
              </value>
            </param>
            <param index="36">
              <value>
                <![CDATA[0]]>
              </value>
            </param>
            <param index="37">
              <value>
                <![CDATA[11]]>
              </value>
            </param>
            <param index="38">
              <value>
                <![CDATA[0]]>
              </value>
            </param>
            <param index="39">
              <value>
                <![CDATA[1]]>
              </value>
            </param>
            <param index="40">
              <value>
                <![CDATA[5]]>
              </value>
            </param>
            <param index="41">
              <value>
                <![CDATA[2]]>
              </value>
            </param>
            <param index="42">
              <value>
                <![CDATA[1]]>
              </value>
            </param>
            <param index="43">
              <value>
                <![CDATA[1]]>
              </value>
            </param>
            <param index="44">
              <value>
                <![CDATA[1]]>
              </value>
            </param>
            <param index="45">
              <value>
                <![CDATA[1]]>
              </value>
            </param>
            <param index="46">
              <value>
                <![CDATA[1]]>
              </value>
            </param>
            <param index="47">
              <value>
                <![CDATA[7]]>
              </value>
            </param>
            <param index="48">
              <value>
                <![CDATA[NCDEX]]>
              </value>
            </param>
            <param index="49">
              <value>
                <![CDATA[WRS0000000004]]>
              </value>
            </param>
            <param index="50">
              <value>
                <![CDATA[NCMLLABCOMGRADE]]>
              </value>
            </param>
            <param index="51">
              <value>
                <![CDATA[ASDCV1234G]]>
              </value>
            </param>
            <param index="52">
              <value>
                <![CDATA[TMCBASSLM]]>
              </value>
            </param>
            <param index="53">
              <value>
                <![CDATA[0]]>
              </value>
            </param>
            <param index="54">
              <value>
                <![CDATA[0]]>
              </value>
            </param>
            <param index="55">
              <value>
                <![CDATA[0]]>
              </value>
            </param>
            <param index="56">
              <value>
                <![CDATA[0]]>
              </value>
            </param>
            <param index="57">
              <value>
                <![CDATA[85]]>
              </value>
            </param>
            <param index="58">
              <value>
                <![CDATA[0]]>
              </value>
            </param>
            <param index="59">
              <value>
                <![CDATA[0]]>
              </value>
            </param>
            <param index="60">
              <value>
                <![CDATA[0]]>
              </value>
            </param>
            <param index="61">
              <value>
                <![CDATA[0]]>
              </value>
            </param>
            <param index="62">
              <value>
                <![CDATA[0]]>
              </value>
            </param>
            <param index="63">
              <value>
                <![CDATA[8]]>
              </value>
            </param>
            <param index="64">
              <value>
                <![CDATA[3]]>
              </value>
            </param>
          </params>
          <reporter-output>
          </reporter-output>
        </test-method> <!-- EWR_creation_Approval -->
        <test-method status="PASS" signature="beforeMethod()[pri:0, instance:NERL.EWR_Deposit_EXchange@343f4d3d]" name="beforeMethod" is-config="true" duration-ms="11590" started-at="2019-07-16T15:26:57Z" finished-at="2019-07-16T15:27:08Z">
          <reporter-output>
          </reporter-output>
        </test-method> <!-- beforeMethod -->
        <test-method status="PASS" signature="EWR_creation_Approval(java.lang.String, java.lang.String, java.lang.String, java.lang.String, java.lang.String, java.lang.String, java.lang.String, java.lang.String, java.lang.String, java.lang.String, java.lang.String, java.lang.String, java.lang.String, java.lang.String, java.lang.String, java.lang.String, java.lang.String, java.lang.String, java.lang.String, java.lang.String, java.lang.String, java.lang.String, java.lang.String, java.lang.String, java.lang.String, java.lang.String, java.lang.String, java.lang.String, java.lang.String, java.lang.String, java.lang.String, java.lang.String, java.lang.String, java.lang.String, java.lang.String, java.lang.String, java.lang.String, java.lang.String, java.lang.String, java.lang.String, java.lang.String, java.lang.String, java.lang.String, java.lang.String, java.lang.String, java.lang.String, java.lang.String, java.lang.String, java.lang.String, java.lang.String, java.lang.String, java.lang.String, java.lang.String, java.lang.String, java.lang.String, java.lang.String, java.lang.String, java.lang.String, java.lang.String, java.lang.String, java.lang.String, java.lang.String, java.lang.String, java.lang.String, int)[pri:1, instance:NERL.EWR_Deposit_EXchange@343f4d3d]" name="EWR_creation_Approval" duration-ms="220544" started-at="2019-07-16T15:27:08Z" description="To verify Creation Of ENWR With Valid details" data-provider="wordpressdata" finished-at="2019-07-16T15:30:49Z">
          <params>
            <param index="0">
              <value>
                <![CDATA[1012467]]>
              </value>
            </param>
            <param index="1">
              <value>
                <![CDATA[TURMERIC-MT]]>
              </value>
            </param>
            <param index="2">
              <value>
                <![CDATA[50 KG]]>
              </value>
            </param>
            <param index="3">
              <value>
                <![CDATA[2BNF00000000776]]>
              </value>
            </param>
            <param index="4">
              <value>
                <![CDATA[600]]>
              </value>
            </param>
            <param index="5">
              <value>
                <![CDATA[Gaurav]]>
              </value>
            </param>
            <param index="6">
              <value>
                <![CDATA[30]]>
              </value>
            </param>
            <param index="7">
              <value>
                <![CDATA[30]]>
              </value>
            </param>
            <param index="8">
              <value>
                <![CDATA[21]]>
              </value>
            </param>
            <param index="9">
              <value>
                <![CDATA[500]]>
              </value>
            </param>
            <param index="10">
              <value>
                <![CDATA[Dry storage deposit]]>
              </value>
            </param>
            <param index="11">
              <value>
                <![CDATA[45454/4444/677]]>
              </value>
            </param>
            <param index="12">
              <value>
                <![CDATA[500]]>
              </value>
            </param>
            <param index="13">
              <value>
                <![CDATA[200]]>
              </value>
            </param>
            <param index="14">
              <value>
                <![CDATA[250]]>
              </value>
            </param>
            <param index="15">
              <value>
                <![CDATA[650]]>
              </value>
            </param>
            <param index="16">
              <value>
                <![CDATA[200]]>
              </value>
            </param>
            <param index="17">
              <value>
                <![CDATA[Kanjurmarg akruti center]]>
              </value>
            </param>
            <param index="18">
              <value>
                <![CDATA[100]]>
              </value>
            </param>
            <param index="19">
              <value>
                <![CDATA[100]]>
              </value>
            </param>
            <param index="20">
              <value>
                <![CDATA[2000]]>
              </value>
            </param>
            <param index="21">
              <value>
                <![CDATA[Sample1]]>
              </value>
            </param>
            <param index="22">
              <value>
                <![CDATA[AM0000000084]]>
              </value>
            </param>
            <param index="23">
              <value>
                <![CDATA[SPECIAL]]>
              </value>
            </param>
            <param index="24">
              <value>
                <![CDATA[3]]>
              </value>
            </param>
            <param index="25">
              <value>
                <![CDATA[3]]>
              </value>
            </param>
            <param index="26">
              <value>
                <![CDATA[0]]>
              </value>
            </param>
            <param index="27">
              <value>
                <![CDATA[0]]>
              </value>
            </param>
            <param index="28">
              <value>
                <![CDATA[NCMLLABMKR]]>
              </value>
            </param>
            <param index="29">
              <value>
                <![CDATA[Dell@1234]]>
              </value>
            </param>
            <param index="30">
              <value>
                <![CDATA[SOURABH]]>
              </value>
            </param>
            <param index="31">
              <value>
                <![CDATA[Dell@1234]]>
              </value>
            </param>
            <param index="32">
              <value>
                <![CDATA[NCMLLABMKR1]]>
              </value>
            </param>
            <param index="33">
              <value>
                <![CDATA[Dell@1234]]>
              </value>
            </param>
            <param index="34">
              <value>
                <![CDATA[NCMLLABCKR]]>
              </value>
            </param>
            <param index="35">
              <value>
                <![CDATA[Dell@1234]]>
              </value>
            </param>
            <param index="36">
              <value>
                <![CDATA[0]]>
              </value>
            </param>
            <param index="37">
              <value>
                <![CDATA[11]]>
              </value>
            </param>
            <param index="38">
              <value>
                <![CDATA[0]]>
              </value>
            </param>
            <param index="39">
              <value>
                <![CDATA[1]]>
              </value>
            </param>
            <param index="40">
              <value>
                <![CDATA[5]]>
              </value>
            </param>
            <param index="41">
              <value>
                <![CDATA[2]]>
              </value>
            </param>
            <param index="42">
              <value>
                <![CDATA[1]]>
              </value>
            </param>
            <param index="43">
              <value>
                <![CDATA[1]]>
              </value>
            </param>
            <param index="44">
              <value>
                <![CDATA[1]]>
              </value>
            </param>
            <param index="45">
              <value>
                <![CDATA[1]]>
              </value>
            </param>
            <param index="46">
              <value>
                <![CDATA[1]]>
              </value>
            </param>
            <param index="47">
              <value>
                <![CDATA[7]]>
              </value>
            </param>
            <param index="48">
              <value>
                <![CDATA[NCDEX]]>
              </value>
            </param>
            <param index="49">
              <value>
                <![CDATA[WRS0000000004]]>
              </value>
            </param>
            <param index="50">
              <value>
                <![CDATA[NCMLLABCOMGRADE]]>
              </value>
            </param>
            <param index="51">
              <value>
                <![CDATA[ASDCV1234G]]>
              </value>
            </param>
            <param index="52">
              <value>
                <![CDATA[TMCBASSLM]]>
              </value>
            </param>
            <param index="53">
              <value>
                <![CDATA[0]]>
              </value>
            </param>
            <param index="54">
              <value>
                <![CDATA[0]]>
              </value>
            </param>
            <param index="55">
              <value>
                <![CDATA[0]]>
              </value>
            </param>
            <param index="56">
              <value>
                <![CDATA[0]]>
              </value>
            </param>
            <param index="57">
              <value>
                <![CDATA[85]]>
              </value>
            </param>
            <param index="58">
              <value>
                <![CDATA[0]]>
              </value>
            </param>
            <param index="59">
              <value>
                <![CDATA[0]]>
              </value>
            </param>
            <param index="60">
              <value>
                <![CDATA[0]]>
              </value>
            </param>
            <param index="61">
              <value>
                <![CDATA[0]]>
              </value>
            </param>
            <param index="62">
              <value>
                <![CDATA[0]]>
              </value>
            </param>
            <param index="63">
              <value>
                <![CDATA[8]]>
              </value>
            </param>
            <param index="64">
              <value>
                <![CDATA[4]]>
              </value>
            </param>
          </params>
          <reporter-output>
          </reporter-output>
        </test-method> <!-- EWR_creation_Approval -->
        <test-method status="PASS" signature="beforeMethod()[pri:0, instance:NERL.EWR_Deposit_EXchange@343f4d3d]" name="beforeMethod" is-config="true" duration-ms="10380" started-at="2019-07-16T15:30:49Z" finished-at="2019-07-16T15:30:59Z">
          <reporter-output>
          </reporter-output>
        </test-method> <!-- beforeMethod -->
        <test-method status="FAIL" signature="EWR_creation_Approval(java.lang.String, java.lang.String, java.lang.String, java.lang.String, java.lang.String, java.lang.String, java.lang.String, java.lang.String, java.lang.String, java.lang.String, java.lang.String, java.lang.String, java.lang.String, java.lang.String, java.lang.String, java.lang.String, java.lang.String, java.lang.String, java.lang.String, java.lang.String, java.lang.String, java.lang.String, java.lang.String, java.lang.String, java.lang.String, java.lang.String, java.lang.String, java.lang.String, java.lang.String, java.lang.String, java.lang.String, java.lang.String, java.lang.String, java.lang.String, java.lang.String, java.lang.String, java.lang.String, java.lang.String, java.lang.String, java.lang.String, java.lang.String, java.lang.String, java.lang.String, java.lang.String, java.lang.String, java.lang.String, java.lang.String, java.lang.String, java.lang.String, java.lang.String, java.lang.String, java.lang.String, java.lang.String, java.lang.String, java.lang.String, java.lang.String, java.lang.String, java.lang.String, java.lang.String, java.lang.String, java.lang.String, java.lang.String, java.lang.String, java.lang.String, int)[pri:1, instance:NERL.EWR_Deposit_EXchange@343f4d3d]" name="EWR_creation_Approval" duration-ms="28479" started-at="2019-07-16T15:30:59Z" description="To verify Creation Of ENWR With Valid details" data-provider="wordpressdata" finished-at="2019-07-16T15:31:28Z">
          <params>
            <param index="0">
              <value>
                <![CDATA[1012467]]>
              </value>
            </param>
            <param index="1">
              <value>
                <![CDATA[TURMERIC-MT]]>
              </value>
            </param>
            <param index="2">
              <value>
                <![CDATA[50 KG]]>
              </value>
            </param>
            <param index="3">
              <value>
                <![CDATA[2BNF00000000776]]>
              </value>
            </param>
            <param index="4">
              <value>
                <![CDATA[600]]>
              </value>
            </param>
            <param index="5">
              <value>
                <![CDATA[Gaurav]]>
              </value>
            </param>
            <param index="6">
              <value>
                <![CDATA[30]]>
              </value>
            </param>
            <param index="7">
              <value>
                <![CDATA[30]]>
              </value>
            </param>
            <param index="8">
              <value>
                <![CDATA[21]]>
              </value>
            </param>
            <param index="9">
              <value>
                <![CDATA[500]]>
              </value>
            </param>
            <param index="10">
              <value>
                <![CDATA[Dry storage deposit]]>
              </value>
            </param>
            <param index="11">
              <value>
                <![CDATA[45454/4444/678]]>
              </value>
            </param>
            <param index="12">
              <value>
                <![CDATA[500]]>
              </value>
            </param>
            <param index="13">
              <value>
                <![CDATA[200]]>
              </value>
            </param>
            <param index="14">
              <value>
                <![CDATA[250]]>
              </value>
            </param>
            <param index="15">
              <value>
                <![CDATA[650]]>
              </value>
            </param>
            <param index="16">
              <value>
                <![CDATA[200]]>
              </value>
            </param>
            <param index="17">
              <value>
                <![CDATA[Kanjurmarg akruti center]]>
              </value>
            </param>
            <param index="18">
              <value>
                <![CDATA[100]]>
              </value>
            </param>
            <param index="19">
              <value>
                <![CDATA[100]]>
              </value>
            </param>
            <param index="20">
              <value>
                <![CDATA[2000]]>
              </value>
            </param>
            <param index="21">
              <value>
                <![CDATA[Sample1]]>
              </value>
            </param>
            <param index="22">
              <value>
                <![CDATA[AM0000000084]]>
              </value>
            </param>
            <param index="23">
              <value>
                <![CDATA[SPECIAL]]>
              </value>
            </param>
            <param index="24">
              <value>
                <![CDATA[3]]>
              </value>
            </param>
            <param index="25">
              <value>
                <![CDATA[3]]>
              </value>
            </param>
            <param index="26">
              <value>
                <![CDATA[0]]>
              </value>
            </param>
            <param index="27">
              <value>
                <![CDATA[0]]>
              </value>
            </param>
            <param index="28">
              <value>
                <![CDATA[NCMLLABMKR]]>
              </value>
            </param>
            <param index="29">
              <value>
                <![CDATA[Dell@1234]]>
              </value>
            </param>
            <param index="30">
              <value>
                <![CDATA[SOURABH]]>
              </value>
            </param>
            <param index="31">
              <value>
                <![CDATA[Dell@1234]]>
              </value>
            </param>
            <param index="32">
              <value>
                <![CDATA[NCMLLABMKR1]]>
              </value>
            </param>
            <param index="33">
              <value>
                <![CDATA[Dell@1234]]>
              </value>
            </param>
            <param index="34">
              <value>
                <![CDATA[NCMLLABCKR]]>
              </value>
            </param>
            <param index="35">
              <value>
                <![CDATA[Dell@1234]]>
              </value>
            </param>
            <param index="36">
              <value>
                <![CDATA[0]]>
              </value>
            </param>
            <param index="37">
              <value>
                <![CDATA[11]]>
              </value>
            </param>
            <param index="38">
              <value>
                <![CDATA[0]]>
              </value>
            </param>
            <param index="39">
              <value>
                <![CDATA[1]]>
              </value>
            </param>
            <param index="40">
              <value>
                <![CDATA[5]]>
              </value>
            </param>
            <param index="41">
              <value>
                <![CDATA[2]]>
              </value>
            </param>
            <param index="42">
              <value>
                <![CDATA[1]]>
              </value>
            </param>
            <param index="43">
              <value>
                <![CDATA[1]]>
              </value>
            </param>
            <param index="44">
              <value>
                <![CDATA[1]]>
              </value>
            </param>
            <param index="45">
              <value>
                <![CDATA[1]]>
              </value>
            </param>
            <param index="46">
              <value>
                <![CDATA[1]]>
              </value>
            </param>
            <param index="47">
              <value>
                <![CDATA[7]]>
              </value>
            </param>
            <param index="48">
              <value>
                <![CDATA[NCDEX]]>
              </value>
            </param>
            <param index="49">
              <value>
                <![CDATA[WRS0000000004]]>
              </value>
            </param>
            <param index="50">
              <value>
                <![CDATA[NCMLLABCOMGRADE]]>
              </value>
            </param>
            <param index="51">
              <value>
                <![CDATA[ASDCV1234G]]>
              </value>
            </param>
            <param index="52">
              <value>
                <![CDATA[TMCBASSLM]]>
              </value>
            </param>
            <param index="53">
              <value>
                <![CDATA[0]]>
              </value>
            </param>
            <param index="54">
              <value>
                <![CDATA[0]]>
              </value>
            </param>
            <param index="55">
              <value>
                <![CDATA[0]]>
              </value>
            </param>
            <param index="56">
              <value>
                <![CDATA[0]]>
              </value>
            </param>
            <param index="57">
              <value>
                <![CDATA[85]]>
              </value>
            </param>
            <param index="58">
              <value>
                <![CDATA[0]]>
              </value>
            </param>
            <param index="59">
              <value>
                <![CDATA[0]]>
              </value>
            </param>
            <param index="60">
              <value>
                <![CDATA[0]]>
              </value>
            </param>
            <param index="61">
              <value>
                <![CDATA[0]]>
              </value>
            </param>
            <param index="62">
              <value>
                <![CDATA[0]]>
              </value>
            </param>
            <param index="63">
              <value>
                <![CDATA[8]]>
              </value>
            </param>
            <param index="64">
              <value>
                <![CDATA[5]]>
              </value>
            </param>
          </params>
          <exception class="org.openqa.selenium.NoSuchElementException">
            <message>
              <![CDATA[no such element: Unable to locate element: {"method":"xpath","selector":"//button[@data-ng-click='fetchExchangeDetails()']"}
  (Session info: chrome=75.0.3770.100)
  (Driver info: chromedriver=2.35.528161 (5b82f2d2aae0ca24b877009200ced9065a772e73),platform=Windows NT 10.0.14393 x86_64) (WARNING: The server did not provide any stacktrace information)
Command duration or timeout: 20.05 seconds
For documentation on this error, please visit: http://seleniumhq.org/exceptions/no_such_element.html
Build info: version: 'unknown', revision: 'unknown', time: 'unknown'
System info: host: 'PC2017000016', ip: '172.29.22.45', os.name: 'Windows 10', os.arch: 'amd64', os.version: '10.0', java.version: '1.8.0_131'
Driver info: org.openqa.selenium.chrome.ChromeDriver
Capabilities [{applicationCacheEnabled=false, rotatable=false, mobileEmulationEnabled=false, networkConnectionEnabled=false, chrome={chromedriverVersion=2.35.528161 (5b82f2d2aae0ca24b877009200ced9065a772e73), userDataDir=C:\Users\gauravn\AppData\Local\Temp\scoped_dir11612_27650}, takesHeapSnapshot=true, pageLoadStrategy=normal, databaseEnabled=false, handlesAlerts=true, hasTouchScreen=false, version=75.0.3770.100, platform=XP, browserConnectionEnabled=false, nativeEvents=true, acceptSslCerts=false, acceptInsecureCerts=false, locationContextEnabled=true, webStorageEnabled=true, browserName=chrome, takesScreenshot=true, javascriptEnabled=true, cssSelectorsEnabled=true, setWindowRect=true, unexpectedAlertBehaviour=}]
Session ID: e088438202e76e5e82d4872eb21e8b45
*** Element info: {Using=xpath, value=//button[@data-ng-click='fetchExchangeDetails()']}]]>
            </message>
            <full-stacktrace>
              <![CDATA[org.openqa.selenium.NoSuchElementException: no such element: Unable to locate element: {"method":"xpath","selector":"//button[@data-ng-click='fetchExchangeDetails()']"}
  (Session info: chrome=75.0.3770.100)
  (Driver info: chromedriver=2.35.528161 (5b82f2d2aae0ca24b877009200ced9065a772e73),platform=Windows NT 10.0.14393 x86_64) (WARNING: The server did not provide any stacktrace information)
Command duration or timeout: 20.05 seconds
For documentation on this error, please visit: http://seleniumhq.org/exceptions/no_such_element.html
Build info: version: 'unknown', revision: 'unknown', time: 'unknown'
System info: host: 'PC2017000016', ip: '172.29.22.45', os.name: 'Windows 10', os.arch: 'amd64', os.version: '10.0', java.version: '1.8.0_131'
Driver info: org.openqa.selenium.chrome.ChromeDriver
Capabilities [{applicationCacheEnabled=false, rotatable=false, mobileEmulationEnabled=false, networkConnectionEnabled=false, chrome={chromedriverVersion=2.35.528161 (5b82f2d2aae0ca24b877009200ced9065a772e73), userDataDir=C:\Users\gauravn\AppData\Local\Temp\scoped_dir11612_27650}, takesHeapSnapshot=true, pageLoadStrategy=normal, databaseEnabled=false, handlesAlerts=true, hasTouchScreen=false, version=75.0.3770.100, platform=XP, browserConnectionEnabled=false, nativeEvents=true, acceptSslCerts=false, acceptInsecureCerts=false, locationContextEnabled=true, webStorageEnabled=true, browserName=chrome, takesScreenshot=true, javascriptEnabled=true, cssSelectorsEnabled=true, setWindowRect=true, unexpectedAlertBehaviour=}]
Session ID: e088438202e76e5e82d4872eb21e8b45
*** Element info: {Using=xpath, value=//button[@data-ng-click='fetchExchangeDetails()']}
	at sun.reflect.NativeConstructorAccessorImpl.newInstance0(Native Method)
	at sun.reflect.NativeConstructorAccessorImpl.newInstance(Unknown Source)
	at sun.reflect.DelegatingConstructorAccessorImpl.newInstance(Unknown Source)
	at java.lang.reflect.Constructor.newInstance(Unknown Source)
	at org.openqa.selenium.remote.ErrorHandler.createThrowable(ErrorHandler.java:215)
	at org.openqa.selenium.remote.ErrorHandler.throwIfResponseFailed(ErrorHandler.java:167)
	at org.openqa.selenium.remote.RemoteWebDriver.execute(RemoteWebDriver.java:671)
	at org.openqa.selenium.remote.RemoteWebDriver.findElement(RemoteWebDriver.java:410)
	at org.openqa.selenium.remote.RemoteWebDriver.findElementByXPath(RemoteWebDriver.java:509)
	at org.openqa.selenium.By$ByXPath.findElement(By.java:361)
	at org.openqa.selenium.remote.RemoteWebDriver.findElement(RemoteWebDriver.java:402)
	at library.Utility.clickOnWebElement1(Utility.java:377)
	at Com.Wordpress.pages.Com_ExchangeDeposit_Page.EWR_Page_EXCHANGE(Com_ExchangeDeposit_Page.java:549)
	at NERL.EWR_Deposit_EXchange.EWR_creation_Approval(EWR_Deposit_EXchange.java:77)
	at sun.reflect.NativeMethodAccessorImpl.invoke0(Native Method)
	at sun.reflect.NativeMethodAccessorImpl.invoke(Unknown Source)
	at sun.reflect.DelegatingMethodAccessorImpl.invoke(Unknown Source)
	at java.lang.reflect.Method.invoke(Unknown Source)
	at org.testng.internal.MethodInvocationHelper.invokeMethod(MethodInvocationHelper.java:108)
	at org.testng.internal.Invoker.invokeMethod(Invoker.java:669)
	at org.testng.internal.Invoker.invokeTestMethod(Invoker.java:877)
	at org.testng.internal.Invoker.invokeTestMethods(Invoker.java:1201)
	at org.testng.internal.TestMethodWorker.invokeTestMethods(TestMethodWorker.java:125)
	at org.testng.internal.TestMethodWorker.run(TestMethodWorker.java:109)
	at org.testng.TestRunner.privateRun(TestRunner.java:776)
	at org.testng.TestRunner.run(TestRunner.java:634)
	at org.testng.SuiteRunner.runTest(SuiteRunner.java:425)
	at org.testng.SuiteRunner.runSequentially(SuiteRunner.java:420)
	at org.testng.SuiteRunner.privateRun(SuiteRunner.java:385)
	at org.testng.SuiteRunner.run(SuiteRunner.java:334)
	at org.testng.SuiteRunnerWorker.runSuite(SuiteRunnerWorker.java:52)
	at org.testng.SuiteRunnerWorker.run(SuiteRunnerWorker.java:86)
	at org.testng.TestNG.runSuitesSequentially(TestNG.java:1318)
	at org.testng.TestNG.runSuitesLocally(TestNG.java:1243)
	at org.testng.TestNG.runSuites(TestNG.java:1161)
	at org.testng.TestNG.run(TestNG.java:1129)
	at org.testng.remote.AbstractRemoteTestNG.run(AbstractRemoteTestNG.java:114)
	at org.testng.remote.RemoteTestNG.initAndRun(RemoteTestNG.java:251)
	at org.testng.remote.RemoteTestNG.main(RemoteTestNG.java:77)
]]>
            </full-stacktrace>
          </exception> <!-- org.openqa.selenium.NoSuchElementException -->
          <reporter-output>
          </reporter-output>
        </test-method> <!-- EWR_creation_Approval -->
        <test-method status="PASS" signature="beforeMethod()[pri:0, instance:NERL.EWR_Deposit_EXchange@343f4d3d]" name="beforeMethod" is-config="true" duration-ms="12332" started-at="2019-07-16T15:31:28Z" finished-at="2019-07-16T15:31:40Z">
          <reporter-output>
          </reporter-output>
        </test-method> <!-- beforeMethod -->
        <test-method status="PASS" signature="EWR_creation_Approval(java.lang.String, java.lang.String, java.lang.String, java.lang.String, java.lang.String, java.lang.String, java.lang.String, java.lang.String, java.lang.String, java.lang.String, java.lang.String, java.lang.String, java.lang.String, java.lang.String, java.lang.String, java.lang.String, java.lang.String, java.lang.String, java.lang.String, java.lang.String, java.lang.String, java.lang.String, java.lang.String, java.lang.String, java.lang.String, java.lang.String, java.lang.String, java.lang.String, java.lang.String, java.lang.String, java.lang.String, java.lang.String, java.lang.String, java.lang.String, java.lang.String, java.lang.String, java.lang.String, java.lang.String, java.lang.String, java.lang.String, java.lang.String, java.lang.String, java.lang.String, java.lang.String, java.lang.String, java.lang.String, java.lang.String, java.lang.String, java.lang.String, java.lang.String, java.lang.String, java.lang.String, java.lang.String, java.lang.String, java.lang.String, java.lang.String, java.lang.String, java.lang.String, java.lang.String, java.lang.String, java.lang.String, java.lang.String, java.lang.String, java.lang.String, int)[pri:1, instance:NERL.EWR_Deposit_EXchange@343f4d3d]" name="EWR_creation_Approval" duration-ms="220188" started-at="2019-07-16T15:31:40Z" description="To verify Creation Of ENWR With Valid details" data-provider="wordpressdata" finished-at="2019-07-16T15:35:20Z">
          <params>
            <param index="0">
              <value>
                <![CDATA[1012467]]>
              </value>
            </param>
            <param index="1">
              <value>
                <![CDATA[TURMERIC-MT]]>
              </value>
            </param>
            <param index="2">
              <value>
                <![CDATA[50 KG]]>
              </value>
            </param>
            <param index="3">
              <value>
                <![CDATA[2BNF00000000776]]>
              </value>
            </param>
            <param index="4">
              <value>
                <![CDATA[600]]>
              </value>
            </param>
            <param index="5">
              <value>
                <![CDATA[Gaurav]]>
              </value>
            </param>
            <param index="6">
              <value>
                <![CDATA[30]]>
              </value>
            </param>
            <param index="7">
              <value>
                <![CDATA[30]]>
              </value>
            </param>
            <param index="8">
              <value>
                <![CDATA[21]]>
              </value>
            </param>
            <param index="9">
              <value>
                <![CDATA[500]]>
              </value>
            </param>
            <param index="10">
              <value>
                <![CDATA[Dry storage deposit]]>
              </value>
            </param>
            <param index="11">
              <value>
                <![CDATA[45454/4444/679]]>
              </value>
            </param>
            <param index="12">
              <value>
                <![CDATA[500]]>
              </value>
            </param>
            <param index="13">
              <value>
                <![CDATA[200]]>
              </value>
            </param>
            <param index="14">
              <value>
                <![CDATA[250]]>
              </value>
            </param>
            <param index="15">
              <value>
                <![CDATA[650]]>
              </value>
            </param>
            <param index="16">
              <value>
                <![CDATA[200]]>
              </value>
            </param>
            <param index="17">
              <value>
                <![CDATA[Kanjurmarg akruti center]]>
              </value>
            </param>
            <param index="18">
              <value>
                <![CDATA[100]]>
              </value>
            </param>
            <param index="19">
              <value>
                <![CDATA[100]]>
              </value>
            </param>
            <param index="20">
              <value>
                <![CDATA[2000]]>
              </value>
            </param>
            <param index="21">
              <value>
                <![CDATA[Sample1]]>
              </value>
            </param>
            <param index="22">
              <value>
                <![CDATA[AM0000000084]]>
              </value>
            </param>
            <param index="23">
              <value>
                <![CDATA[SPECIAL]]>
              </value>
            </param>
            <param index="24">
              <value>
                <![CDATA[3]]>
              </value>
            </param>
            <param index="25">
              <value>
                <![CDATA[3]]>
              </value>
            </param>
            <param index="26">
              <value>
                <![CDATA[0]]>
              </value>
            </param>
            <param index="27">
              <value>
                <![CDATA[0]]>
              </value>
            </param>
            <param index="28">
              <value>
                <![CDATA[NCMLLABMKR]]>
              </value>
            </param>
            <param index="29">
              <value>
                <![CDATA[Dell@1234]]>
              </value>
            </param>
            <param index="30">
              <value>
                <![CDATA[SOURABH]]>
              </value>
            </param>
            <param index="31">
              <value>
                <![CDATA[Dell@1234]]>
              </value>
            </param>
            <param index="32">
              <value>
                <![CDATA[NCMLLABMKR1]]>
              </value>
            </param>
            <param index="33">
              <value>
                <![CDATA[Dell@1234]]>
              </value>
            </param>
            <param index="34">
              <value>
                <![CDATA[NCMLLABCKR]]>
              </value>
            </param>
            <param index="35">
              <value>
                <![CDATA[Dell@1234]]>
              </value>
            </param>
            <param index="36">
              <value>
                <![CDATA[0]]>
              </value>
            </param>
            <param index="37">
              <value>
                <![CDATA[11]]>
              </value>
            </param>
            <param index="38">
              <value>
                <![CDATA[0]]>
              </value>
            </param>
            <param index="39">
              <value>
                <![CDATA[1]]>
              </value>
            </param>
            <param index="40">
              <value>
                <![CDATA[5]]>
              </value>
            </param>
            <param index="41">
              <value>
                <![CDATA[2]]>
              </value>
            </param>
            <param index="42">
              <value>
                <![CDATA[1]]>
              </value>
            </param>
            <param index="43">
              <value>
                <![CDATA[1]]>
              </value>
            </param>
            <param index="44">
              <value>
                <![CDATA[1]]>
              </value>
            </param>
            <param index="45">
              <value>
                <![CDATA[1]]>
              </value>
            </param>
            <param index="46">
              <value>
                <![CDATA[1]]>
              </value>
            </param>
            <param index="47">
              <value>
                <![CDATA[7]]>
              </value>
            </param>
            <param index="48">
              <value>
                <![CDATA[NCDEX]]>
              </value>
            </param>
            <param index="49">
              <value>
                <![CDATA[WRS0000000004]]>
              </value>
            </param>
            <param index="50">
              <value>
                <![CDATA[NCMLLABCOMGRADE]]>
              </value>
            </param>
            <param index="51">
              <value>
                <![CDATA[ASDCV1234G]]>
              </value>
            </param>
            <param index="52">
              <value>
                <![CDATA[TMCBASSLM]]>
              </value>
            </param>
            <param index="53">
              <value>
                <![CDATA[0]]>
              </value>
            </param>
            <param index="54">
              <value>
                <![CDATA[0]]>
              </value>
            </param>
            <param index="55">
              <value>
                <![CDATA[0]]>
              </value>
            </param>
            <param index="56">
              <value>
                <![CDATA[0]]>
              </value>
            </param>
            <param index="57">
              <value>
                <![CDATA[85]]>
              </value>
            </param>
            <param index="58">
              <value>
                <![CDATA[0]]>
              </value>
            </param>
            <param index="59">
              <value>
                <![CDATA[0]]>
              </value>
            </param>
            <param index="60">
              <value>
                <![CDATA[0]]>
              </value>
            </param>
            <param index="61">
              <value>
                <![CDATA[0]]>
              </value>
            </param>
            <param index="62">
              <value>
                <![CDATA[0]]>
              </value>
            </param>
            <param index="63">
              <value>
                <![CDATA[8]]>
              </value>
            </param>
            <param index="64">
              <value>
                <![CDATA[6]]>
              </value>
            </param>
          </params>
          <reporter-output>
          </reporter-output>
        </test-method> <!-- EWR_creation_Approval -->
        <test-method status="PASS" signature="beforeMethod()[pri:0, instance:NERL.EWR_Deposit_EXchange@343f4d3d]" name="beforeMethod" is-config="true" duration-ms="17782" started-at="2019-07-16T15:35:20Z" finished-at="2019-07-16T15:35:38Z">
          <reporter-output>
          </reporter-output>
        </test-method> <!-- beforeMethod -->
        <test-method status="PASS" signature="EWR_creation_Approval(java.lang.String, java.lang.String, java.lang.String, java.lang.String, java.lang.String, java.lang.String, java.lang.String, java.lang.String, java.lang.String, java.lang.String, java.lang.String, java.lang.String, java.lang.String, java.lang.String, java.lang.String, java.lang.String, java.lang.String, java.lang.String, java.lang.String, java.lang.String, java.lang.String, java.lang.String, java.lang.String, java.lang.String, java.lang.String, java.lang.String, java.lang.String, java.lang.String, java.lang.String, java.lang.String, java.lang.String, java.lang.String, java.lang.String, java.lang.String, java.lang.String, java.lang.String, java.lang.String, java.lang.String, java.lang.String, java.lang.String, java.lang.String, java.lang.String, java.lang.String, java.lang.String, java.lang.String, java.lang.String, java.lang.String, java.lang.String, java.lang.String, java.lang.String, java.lang.String, java.lang.String, java.lang.String, java.lang.String, java.lang.String, java.lang.String, java.lang.String, java.lang.String, java.lang.String, java.lang.String, java.lang.String, java.lang.String, java.lang.String, java.lang.String, int)[pri:1, instance:NERL.EWR_Deposit_EXchange@343f4d3d]" name="EWR_creation_Approval" duration-ms="221685" started-at="2019-07-16T15:35:38Z" description="To verify Creation Of ENWR With Valid details" data-provider="wordpressdata" finished-at="2019-07-16T15:39:20Z">
          <params>
            <param index="0">
              <value>
                <![CDATA[1012467]]>
              </value>
            </param>
            <param index="1">
              <value>
                <![CDATA[TURMERIC-MT]]>
              </value>
            </param>
            <param index="2">
              <value>
                <![CDATA[50 KG]]>
              </value>
            </param>
            <param index="3">
              <value>
                <![CDATA[2BNF00000000776]]>
              </value>
            </param>
            <param index="4">
              <value>
                <![CDATA[600]]>
              </value>
            </param>
            <param index="5">
              <value>
                <![CDATA[Gaurav]]>
              </value>
            </param>
            <param index="6">
              <value>
                <![CDATA[30]]>
              </value>
            </param>
            <param index="7">
              <value>
                <![CDATA[30]]>
              </value>
            </param>
            <param index="8">
              <value>
                <![CDATA[21]]>
              </value>
            </param>
            <param index="9">
              <value>
                <![CDATA[500]]>
              </value>
            </param>
            <param index="10">
              <value>
                <![CDATA[Dry storage deposit]]>
              </value>
            </param>
            <param index="11">
              <value>
                <![CDATA[45454/4444/680]]>
              </value>
            </param>
            <param index="12">
              <value>
                <![CDATA[500]]>
              </value>
            </param>
            <param index="13">
              <value>
                <![CDATA[200]]>
              </value>
            </param>
            <param index="14">
              <value>
                <![CDATA[250]]>
              </value>
            </param>
            <param index="15">
              <value>
                <![CDATA[650]]>
              </value>
            </param>
            <param index="16">
              <value>
                <![CDATA[200]]>
              </value>
            </param>
            <param index="17">
              <value>
                <![CDATA[Kanjurmarg akruti center]]>
              </value>
            </param>
            <param index="18">
              <value>
                <![CDATA[100]]>
              </value>
            </param>
            <param index="19">
              <value>
                <![CDATA[100]]>
              </value>
            </param>
            <param index="20">
              <value>
                <![CDATA[2000]]>
              </value>
            </param>
            <param index="21">
              <value>
                <![CDATA[Sample1]]>
              </value>
            </param>
            <param index="22">
              <value>
                <![CDATA[AM0000000084]]>
              </value>
            </param>
            <param index="23">
              <value>
                <![CDATA[SPECIAL]]>
              </value>
            </param>
            <param index="24">
              <value>
                <![CDATA[3]]>
              </value>
            </param>
            <param index="25">
              <value>
                <![CDATA[3]]>
              </value>
            </param>
            <param index="26">
              <value>
                <![CDATA[0]]>
              </value>
            </param>
            <param index="27">
              <value>
                <![CDATA[0]]>
              </value>
            </param>
            <param index="28">
              <value>
                <![CDATA[NCMLLABMKR]]>
              </value>
            </param>
            <param index="29">
              <value>
                <![CDATA[Dell@1234]]>
              </value>
            </param>
            <param index="30">
              <value>
                <![CDATA[SOURABH]]>
              </value>
            </param>
            <param index="31">
              <value>
                <![CDATA[Dell@1234]]>
              </value>
            </param>
            <param index="32">
              <value>
                <![CDATA[NCMLLABMKR1]]>
              </value>
            </param>
            <param index="33">
              <value>
                <![CDATA[Dell@1234]]>
              </value>
            </param>
            <param index="34">
              <value>
                <![CDATA[NCMLLABCKR]]>
              </value>
            </param>
            <param index="35">
              <value>
                <![CDATA[Dell@1234]]>
              </value>
            </param>
            <param index="36">
              <value>
                <![CDATA[0]]>
              </value>
            </param>
            <param index="37">
              <value>
                <![CDATA[11]]>
              </value>
            </param>
            <param index="38">
              <value>
                <![CDATA[0]]>
              </value>
            </param>
            <param index="39">
              <value>
                <![CDATA[1]]>
              </value>
            </param>
            <param index="40">
              <value>
                <![CDATA[5]]>
              </value>
            </param>
            <param index="41">
              <value>
                <![CDATA[2]]>
              </value>
            </param>
            <param index="42">
              <value>
                <![CDATA[1]]>
              </value>
            </param>
            <param index="43">
              <value>
                <![CDATA[1]]>
              </value>
            </param>
            <param index="44">
              <value>
                <![CDATA[1]]>
              </value>
            </param>
            <param index="45">
              <value>
                <![CDATA[1]]>
              </value>
            </param>
            <param index="46">
              <value>
                <![CDATA[1]]>
              </value>
            </param>
            <param index="47">
              <value>
                <![CDATA[7]]>
              </value>
            </param>
            <param index="48">
              <value>
                <![CDATA[NCDEX]]>
              </value>
            </param>
            <param index="49">
              <value>
                <![CDATA[WRS0000000004]]>
              </value>
            </param>
            <param index="50">
              <value>
                <![CDATA[NCMLLABCOMGRADE]]>
              </value>
            </param>
            <param index="51">
              <value>
                <![CDATA[ASDCV1234G]]>
              </value>
            </param>
            <param index="52">
              <value>
                <![CDATA[TMCBASSLM]]>
              </value>
            </param>
            <param index="53">
              <value>
                <![CDATA[0]]>
              </value>
            </param>
            <param index="54">
              <value>
                <![CDATA[0]]>
              </value>
            </param>
            <param index="55">
              <value>
                <![CDATA[0]]>
              </value>
            </param>
            <param index="56">
              <value>
                <![CDATA[0]]>
              </value>
            </param>
            <param index="57">
              <value>
                <![CDATA[85]]>
              </value>
            </param>
            <param index="58">
              <value>
                <![CDATA[0]]>
              </value>
            </param>
            <param index="59">
              <value>
                <![CDATA[0]]>
              </value>
            </param>
            <param index="60">
              <value>
                <![CDATA[0]]>
              </value>
            </param>
            <param index="61">
              <value>
                <![CDATA[0]]>
              </value>
            </param>
            <param index="62">
              <value>
                <![CDATA[0]]>
              </value>
            </param>
            <param index="63">
              <value>
                <![CDATA[8]]>
              </value>
            </param>
            <param index="64">
              <value>
                <![CDATA[7]]>
              </value>
            </param>
          </params>
          <reporter-output>
          </reporter-output>
        </test-method> <!-- EWR_creation_Approval -->
        <test-method status="PASS" signature="beforeMethod()[pri:0, instance:NERL.EWR_Deposit_EXchange@343f4d3d]" name="beforeMethod" is-config="true" duration-ms="14646" started-at="2019-07-16T15:39:20Z" finished-at="2019-07-16T15:39:34Z">
          <reporter-output>
          </reporter-output>
        </test-method> <!-- beforeMethod -->
        <test-method status="PASS" signature="EWR_creation_Approval(java.lang.String, java.lang.String, java.lang.String, java.lang.String, java.lang.String, java.lang.String, java.lang.String, java.lang.String, java.lang.String, java.lang.String, java.lang.String, java.lang.String, java.lang.String, java.lang.String, java.lang.String, java.lang.String, java.lang.String, java.lang.String, java.lang.String, java.lang.String, java.lang.String, java.lang.String, java.lang.String, java.lang.String, java.lang.String, java.lang.String, java.lang.String, java.lang.String, java.lang.String, java.lang.String, java.lang.String, java.lang.String, java.lang.String, java.lang.String, java.lang.String, java.lang.String, java.lang.String, java.lang.String, java.lang.String, java.lang.String, java.lang.String, java.lang.String, java.lang.String, java.lang.String, java.lang.String, java.lang.String, java.lang.String, java.lang.String, java.lang.String, java.lang.String, java.lang.String, java.lang.String, java.lang.String, java.lang.String, java.lang.String, java.lang.String, java.lang.String, java.lang.String, java.lang.String, java.lang.String, java.lang.String, java.lang.String, java.lang.String, java.lang.String, int)[pri:1, instance:NERL.EWR_Deposit_EXchange@343f4d3d]" name="EWR_creation_Approval" duration-ms="222118" started-at="2019-07-16T15:39:34Z" description="To verify Creation Of ENWR With Valid details" data-provider="wordpressdata" finished-at="2019-07-16T15:43:16Z">
          <params>
            <param index="0">
              <value>
                <![CDATA[1012467]]>
              </value>
            </param>
            <param index="1">
              <value>
                <![CDATA[TURMERIC-MT]]>
              </value>
            </param>
            <param index="2">
              <value>
                <![CDATA[50 KG]]>
              </value>
            </param>
            <param index="3">
              <value>
                <![CDATA[2BNF00000000776]]>
              </value>
            </param>
            <param index="4">
              <value>
                <![CDATA[600]]>
              </value>
            </param>
            <param index="5">
              <value>
                <![CDATA[Gaurav]]>
              </value>
            </param>
            <param index="6">
              <value>
                <![CDATA[30]]>
              </value>
            </param>
            <param index="7">
              <value>
                <![CDATA[30]]>
              </value>
            </param>
            <param index="8">
              <value>
                <![CDATA[21]]>
              </value>
            </param>
            <param index="9">
              <value>
                <![CDATA[500]]>
              </value>
            </param>
            <param index="10">
              <value>
                <![CDATA[Dry storage deposit]]>
              </value>
            </param>
            <param index="11">
              <value>
                <![CDATA[45454/4444/681]]>
              </value>
            </param>
            <param index="12">
              <value>
                <![CDATA[500]]>
              </value>
            </param>
            <param index="13">
              <value>
                <![CDATA[200]]>
              </value>
            </param>
            <param index="14">
              <value>
                <![CDATA[250]]>
              </value>
            </param>
            <param index="15">
              <value>
                <![CDATA[650]]>
              </value>
            </param>
            <param index="16">
              <value>
                <![CDATA[200]]>
              </value>
            </param>
            <param index="17">
              <value>
                <![CDATA[Kanjurmarg akruti center]]>
              </value>
            </param>
            <param index="18">
              <value>
                <![CDATA[100]]>
              </value>
            </param>
            <param index="19">
              <value>
                <![CDATA[100]]>
              </value>
            </param>
            <param index="20">
              <value>
                <![CDATA[2000]]>
              </value>
            </param>
            <param index="21">
              <value>
                <![CDATA[Sample1]]>
              </value>
            </param>
            <param index="22">
              <value>
                <![CDATA[AM0000000084]]>
              </value>
            </param>
            <param index="23">
              <value>
                <![CDATA[SPECIAL]]>
              </value>
            </param>
            <param index="24">
              <value>
                <![CDATA[3]]>
              </value>
            </param>
            <param index="25">
              <value>
                <![CDATA[3]]>
              </value>
            </param>
            <param index="26">
              <value>
                <![CDATA[0]]>
              </value>
            </param>
            <param index="27">
              <value>
                <![CDATA[0]]>
              </value>
            </param>
            <param index="28">
              <value>
                <![CDATA[NCMLLABMKR]]>
              </value>
            </param>
            <param index="29">
              <value>
                <![CDATA[Dell@1234]]>
              </value>
            </param>
            <param index="30">
              <value>
                <![CDATA[SOURABH]]>
              </value>
            </param>
            <param index="31">
              <value>
                <![CDATA[Dell@1234]]>
              </value>
            </param>
            <param index="32">
              <value>
                <![CDATA[NCMLLABMKR1]]>
              </value>
            </param>
            <param index="33">
              <value>
                <![CDATA[Dell@1234]]>
              </value>
            </param>
            <param index="34">
              <value>
                <![CDATA[NCMLLABCKR]]>
              </value>
            </param>
            <param index="35">
              <value>
                <![CDATA[Dell@1234]]>
              </value>
            </param>
            <param index="36">
              <value>
                <![CDATA[0]]>
              </value>
            </param>
            <param index="37">
              <value>
                <![CDATA[11]]>
              </value>
            </param>
            <param index="38">
              <value>
                <![CDATA[0]]>
              </value>
            </param>
            <param index="39">
              <value>
                <![CDATA[1]]>
              </value>
            </param>
            <param index="40">
              <value>
                <![CDATA[5]]>
              </value>
            </param>
            <param index="41">
              <value>
                <![CDATA[2]]>
              </value>
            </param>
            <param index="42">
              <value>
                <![CDATA[1]]>
              </value>
            </param>
            <param index="43">
              <value>
                <![CDATA[1]]>
              </value>
            </param>
            <param index="44">
              <value>
                <![CDATA[1]]>
              </value>
            </param>
            <param index="45">
              <value>
                <![CDATA[1]]>
              </value>
            </param>
            <param index="46">
              <value>
                <![CDATA[1]]>
              </value>
            </param>
            <param index="47">
              <value>
                <![CDATA[7]]>
              </value>
            </param>
            <param index="48">
              <value>
                <![CDATA[NCDEX]]>
              </value>
            </param>
            <param index="49">
              <value>
                <![CDATA[WRS0000000004]]>
              </value>
            </param>
            <param index="50">
              <value>
                <![CDATA[NCMLLABCOMGRADE]]>
              </value>
            </param>
            <param index="51">
              <value>
                <![CDATA[ASDCV1234G]]>
              </value>
            </param>
            <param index="52">
              <value>
                <![CDATA[TMCBASSLM]]>
              </value>
            </param>
            <param index="53">
              <value>
                <![CDATA[0]]>
              </value>
            </param>
            <param index="54">
              <value>
                <![CDATA[0]]>
              </value>
            </param>
            <param index="55">
              <value>
                <![CDATA[0]]>
              </value>
            </param>
            <param index="56">
              <value>
                <![CDATA[0]]>
              </value>
            </param>
            <param index="57">
              <value>
                <![CDATA[85]]>
              </value>
            </param>
            <param index="58">
              <value>
                <![CDATA[0]]>
              </value>
            </param>
            <param index="59">
              <value>
                <![CDATA[0]]>
              </value>
            </param>
            <param index="60">
              <value>
                <![CDATA[0]]>
              </value>
            </param>
            <param index="61">
              <value>
                <![CDATA[0]]>
              </value>
            </param>
            <param index="62">
              <value>
                <![CDATA[0]]>
              </value>
            </param>
            <param index="63">
              <value>
                <![CDATA[8]]>
              </value>
            </param>
            <param index="64">
              <value>
                <![CDATA[8]]>
              </value>
            </param>
          </params>
          <reporter-output>
          </reporter-output>
        </test-method> <!-- EWR_creation_Approval -->
      </class> <!-- NERL.EWR_Deposit_EXchange -->
    </test> <!-- Default test -->
  </suite> <!-- Default suite -->
</testng-results>
