<?xml version="1.0" encoding="UTF-8"?>
<!-- Generated by org.testng.reporters.JUnitXMLReporter -->
<testsuite hostname="PC2017000016" ignored="1" name="Test" tests="1" failures="1" timestamp="16 Jan 2018 07:25:33 GMT" time="4646.945" errors="0">
  <testcase name="EWR_WSPchecker_Reject" time="4646.386" classname="NERL.EWR_With_Deposite">
    <failure type="java.lang.NullPointerException">
      <![CDATA[java.lang.NullPointerException
	at NERL.EWR_With_Deposite.EWR_WSPchecker_Reject(EWR_With_Deposite.java:220)
... Removed 25 stack frames]]>
    </failure>
  </testcase> <!-- EWR_WSPchecker_Reject -->
  <testcase name="EWR_creation" time="0.0" classname="NERL.EWR_With_Deposite">
    <ignored/>
  </testcase> <!-- EWR_creation -->
</testsuite> <!-- Test -->
